#
# A fatal error has been detected by the Java Runtime Environment:
#
#  EXCEPTION_ACCESS_VIOLATION (0xc0000005) at pc=0x000000006b2eeb63, pid=464, tid=0x00000000000017ac
#
# JRE version: Java(TM) SE Runtime Environment (8.0_112-b15) (build 1.8.0_112-b15)
# Java VM: Java HotSpot(TM) 64-Bit Server VM (25.112-b15 mixed mode windows-amd64 compressed oops)
# Problematic frame:
# V  [jvm.dll+0x13eb63]
#
# Failed to write core dump. Minidumps are not enabled by default on client versions of Windows
#
# If you would like to submit a bug report, please visit:
#   http://bugreport.java.com/bugreport/crash.jsp
#

---------------  T H R E A D  ---------------

Current thread (0x0000000015188000):  JavaThread "AWT-EventQueue-0" [_thread_in_vm, id=6060, stack(0x00000000163a0000,0x00000000164a0000)]

siginfo: ExceptionCode=0xc0000005, reading address 0x0000000359fa31e8

Registers:
RAX=0x0000000000000000, RBX=0x0000000015188000, RCX=0x0000000000000003, RDX=0x0000000359fa3180
RSP=0x000000001649be70, RBP=0x000000001649bfc0, RSI=0x00000000151881f8, RDI=0x0000000015188000
R8 =0xffffffff9562ea28, R9 =0x000000006a9d1607, R10=0x000000000000002f, R11=0x000000000000002f
R12=0x0000000000000000, R13=0x000000001649c1d0, R14=0x000000001649c200, R15=0x000000001649c208
RIP=0x000000006b2eeb63, EFLAGS=0x0000000000010202

Top of Stack: (sp=0x000000001649be70)
0x000000001649be70:   000000006a9d15d8 0000000015188000
0x000000001649be80:   000000001649bfc0 0000000000000000
0x000000001649be90:   0000000015188000 0000000000000000
0x000000001649bea0:   0000000000000000 0000000000000000
0x000000001649beb0:   0000000015188000 000000006a9d3634
0x000000001649bec0:   00000000151881f8 000000001649bfc0
0x000000001649bed0:   000000001516f170 00000000020a16a0
0x000000001649bee0:   0000000000000000 00000000020a1797
0x000000001649bef0:   00000000020a1aa0 0000000000000000
0x000000001649bf00:   0000000000000000 0000000000000000
0x000000001649bf10:   00000000020a16a0 0000000013010000
0x000000001649bf20:   0000000000000000 0000000000000000
0x000000001649bf30:   0000000000000000 0000000000000000
0x000000001649bf40:   0000000000000000 0000000000000000
0x000000001649bf50:   0000000000000000 000000001649c1d0
0x000000001649bf60:   000000001649c1e8 0000000000000000 

Instructions: (pc=0x000000006b2eeb63)
0x000000006b2eeb43:   00 00 48 8b 17 74 15 8b 52 08 8b 0d 55 fc 65 00
0x000000006b2eeb53:   48 d3 e2 48 03 15 43 fc 65 00 eb 04 48 8b 52 08
0x000000006b2eeb63:   48 8b 52 68 48 8b ce e8 a1 77 0d 00 48 83 7c 24
0x000000006b2eeb73:   28 00 48 8b f0 74 0a 48 8d 4c 24 20 e8 2c cb 13 


Register to memory mapping:

RAX=0x0000000000000000 is an unknown value
RBX=0x0000000015188000 is a thread
RCX=0x0000000000000003 is an unknown value
RDX=0x0000000359fa3180 is an unknown value
RSP=0x000000001649be70 is pointing into the stack for thread: 0x0000000015188000
RBP=0x000000001649bfc0 is pointing into the stack for thread: 0x0000000015188000
RSI=0x00000000151881f8 is an unknown value
RDI=0x0000000015188000 is a thread
R8 =0xffffffff9562ea28 is an unknown value
R9 =0x000000006a9d1607 is an unknown value
R10=0x000000000000002f is an unknown value
R11=0x000000000000002f is an unknown value
R12=0x0000000000000000 is an unknown value
R13=0x000000001649c1d0 is pointing into the stack for thread: 0x0000000015188000
R14=0x000000001649c200 is pointing into the stack for thread: 0x0000000015188000
R15=0x000000001649c208 is pointing into the stack for thread: 0x0000000015188000


Stack: [0x00000000163a0000,0x00000000164a0000],  sp=0x000000001649be70,  free space=1007k
Native frames: (J=compiled Java code, j=interpreted, Vv=VM code, C=native code)
V  [jvm.dll+0x13eb63]
C  [sqljdbc_auth.dll+0x3634]
C  0x0000000002057f74

Java frames: (J=compiled Java code, j=interpreted, Vv=VM code)
j  com.microsoft.sqlserver.jdbc.AuthenticationJNI.SNISecGenClientContext([B[I[BI[B[I[ZLjava/lang/String;Ljava/lang/String;Ljava/lang/String;Ljava/util/logging/Logger;)I+0
j  com.microsoft.sqlserver.jdbc.AuthenticationJNI.GenerateClientContext([BI[B[I[Z)I+24
j  com.microsoft.sqlserver.jdbc.SQLServerConnection.SSPIData([B[B[I[ZLcom/microsoft/sqlserver/jdbc/AuthenticationJNI;)V+13
j  com.microsoft.sqlserver.jdbc.SQLServerConnection.sendLogon(Lcom/microsoft/sqlserver/jdbc/SQLServerConnection$LogonCommand;Lcom/microsoft/sqlserver/jdbc/AuthenticationJNI;)V+155
j  com.microsoft.sqlserver.jdbc.SQLServerConnection.logon(Lcom/microsoft/sqlserver/jdbc/SQLServerConnection$LogonCommand;)V+20
j  com.microsoft.sqlserver.jdbc.SQLServerConnection.access$000(Lcom/microsoft/sqlserver/jdbc/SQLServerConnection;Lcom/microsoft/sqlserver/jdbc/SQLServerConnection$LogonCommand;)V+2
j  com.microsoft.sqlserver.jdbc.SQLServerConnection$LogonCommand.doExecute()Z+5
j  com.microsoft.sqlserver.jdbc.TDSCommand.execute(Lcom/microsoft/sqlserver/jdbc/TDSWriter;Lcom/microsoft/sqlserver/jdbc/TDSReader;)Z+30
j  com.microsoft.sqlserver.jdbc.SQLServerConnection.executeCommand(Lcom/microsoft/sqlserver/jdbc/TDSCommand;)Z+45
j  com.microsoft.sqlserver.jdbc.SQLServerConnection.connectHelper(Lcom/microsoft/sqlserver/jdbc/ServerPortPlaceHolder;II)V+284
j  com.microsoft.sqlserver.jdbc.SQLServerConnection.login(Ljava/lang/String;Ljava/lang/String;ILjava/lang/String;Lcom/microsoft/sqlserver/jdbc/FailoverInfo;IJ)V+399
j  com.microsoft.sqlserver.jdbc.SQLServerConnection.connect(Ljava/util/Properties;Lcom/microsoft/sqlserver/jdbc/SQLServerPooledConnection;)Ljava/sql/Connection;+1929
j  com.microsoft.sqlserver.jdbc.SQLServerDriver.connect(Ljava/lang/String;Ljava/util/Properties;)Ljava/sql/Connection;+45
j  java.sql.DriverManager.getConnection(Ljava/lang/String;Ljava/util/Properties;Ljava/lang/Class;)Ljava/sql/Connection;+171
j  java.sql.DriverManager.getConnection(Ljava/lang/String;)Ljava/sql/Connection;+13
j  dataBase.DataBaseConnection.<init>()V+39
j  dataBase.DataBaseConnection.getInstanceDataBase()LdataBase/DataBaseConnection;+10
j  views.StartPage$organizationBtnListener.actionPerformed(Ljava/awt/event/ActionEvent;)V+11
j  javax.swing.AbstractButton.fireActionPerformed(Ljava/awt/event/ActionEvent;)V+83
j  javax.swing.AbstractButton$Handler.actionPerformed(Ljava/awt/event/ActionEvent;)V+5
j  javax.swing.DefaultButtonModel.fireActionPerformed(Ljava/awt/event/ActionEvent;)V+34
j  javax.swing.DefaultButtonModel.setPressed(Z)V+117
j  javax.swing.plaf.basic.BasicButtonListener.mouseReleased(Ljava/awt/event/MouseEvent;)V+35
j  java.awt.Component.processMouseEvent(Ljava/awt/event/MouseEvent;)V+64
j  javax.swing.JComponent.processMouseEvent(Ljava/awt/event/MouseEvent;)V+23
j  java.awt.Component.processEvent(Ljava/awt/AWTEvent;)V+81
j  java.awt.Container.processEvent(Ljava/awt/AWTEvent;)V+18
j  java.awt.Component.dispatchEventImpl(Ljava/awt/AWTEvent;)V+589
j  java.awt.Container.dispatchEventImpl(Ljava/awt/AWTEvent;)V+42
j  java.awt.Component.dispatchEvent(Ljava/awt/AWTEvent;)V+2
j  java.awt.LightweightDispatcher.retargetMouseEvent(Ljava/awt/Component;ILjava/awt/event/MouseEvent;)V+327
j  java.awt.LightweightDispatcher.processMouseEvent(Ljava/awt/event/MouseEvent;)Z+155
j  java.awt.LightweightDispatcher.dispatchEvent(Ljava/awt/AWTEvent;)Z+50
j  java.awt.Container.dispatchEventImpl(Ljava/awt/AWTEvent;)V+12
j  java.awt.Window.dispatchEventImpl(Ljava/awt/AWTEvent;)V+19
j  java.awt.Component.dispatchEvent(Ljava/awt/AWTEvent;)V+2
j  java.awt.EventQueue.dispatchEventImpl(Ljava/awt/AWTEvent;Ljava/lang/Object;)V+41
j  java.awt.EventQueue.access$500(Ljava/awt/EventQueue;Ljava/awt/AWTEvent;Ljava/lang/Object;)V+3
j  java.awt.EventQueue$3.run()Ljava/lang/Void;+32
j  java.awt.EventQueue$3.run()Ljava/lang/Object;+1
v  ~StubRoutines::call_stub
j  java.security.AccessController.doPrivileged(Ljava/security/PrivilegedAction;Ljava/security/AccessControlContext;)Ljava/lang/Object;+0
j  java.security.ProtectionDomain$JavaSecurityAccessImpl.doIntersectionPrivilege(Ljava/security/PrivilegedAction;Ljava/security/AccessControlContext;Ljava/security/AccessControlContext;)Ljava/lang/Object;+18
j  java.security.ProtectionDomain$JavaSecurityAccessImpl.doIntersectionPrivilege(Ljava/security/PrivilegedAction;Ljava/security/AccessControlContext;)Ljava/lang/Object;+6
j  java.awt.EventQueue$4.run()Ljava/lang/Void;+11
j  java.awt.EventQueue$4.run()Ljava/lang/Object;+1
v  ~StubRoutines::call_stub
j  java.security.AccessController.doPrivileged(Ljava/security/PrivilegedAction;Ljava/security/AccessControlContext;)Ljava/lang/Object;+0
j  java.security.ProtectionDomain$JavaSecurityAccessImpl.doIntersectionPrivilege(Ljava/security/PrivilegedAction;Ljava/security/AccessControlContext;Ljava/security/AccessControlContext;)Ljava/lang/Object;+18
j  java.awt.EventQueue.dispatchEvent(Ljava/awt/AWTEvent;)V+73
j  java.awt.EventDispatchThread.pumpOneEventForFilters(I)V+245
j  java.awt.EventDispatchThread.pumpEventsForFilter(ILjava/awt/Conditional;Ljava/awt/EventFilter;)V+35
j  java.awt.EventDispatchThread.pumpEventsForHierarchy(ILjava/awt/Conditional;Ljava/awt/Component;)V+11
j  java.awt.EventDispatchThread.pumpEvents(ILjava/awt/Conditional;)V+4
j  java.awt.EventDispatchThread.pumpEvents(Ljava/awt/Conditional;)V+3
j  java.awt.EventDispatchThread.run()V+9
v  ~StubRoutines::call_stub

---------------  P R O C E S S  ---------------

Java Threads: ( => current thread )
  0x00000000190bc800 JavaThread "TimerQueue" daemon [_thread_blocked, id=5116, stack(0x0000000019930000,0x0000000019a30000)]
  0x0000000001f3e800 JavaThread "DestroyJavaVM" [_thread_blocked, id=5156, stack(0x0000000001db0000,0x0000000001eb0000)]
=>0x0000000015188000 JavaThread "AWT-EventQueue-0" [_thread_in_vm, id=6060, stack(0x00000000163a0000,0x00000000164a0000)]
  0x0000000015185800 JavaThread "AWT-Windows" daemon [_thread_in_native, id=4484, stack(0x00000000157c0000,0x00000000158c0000)]
  0x0000000015181800 JavaThread "AWT-Shutdown" [_thread_blocked, id=5620, stack(0x00000000156c0000,0x00000000157c0000)]
  0x0000000015180800 JavaThread "Java2D Disposer" daemon [_thread_blocked, id=5552, stack(0x00000000155c0000,0x00000000156c0000)]
  0x00000000134be000 JavaThread "Service Thread" daemon [_thread_blocked, id=4480, stack(0x00000000152d0000,0x00000000153d0000)]
  0x0000000014dd8800 JavaThread "C1 CompilerThread2" daemon [_thread_blocked, id=6036, stack(0x00000000151d0000,0x00000000152d0000)]
  0x00000000134b2800 JavaThread "C2 CompilerThread1" daemon [_thread_blocked, id=6080, stack(0x0000000014cd0000,0x0000000014dd0000)]
  0x0000000013461000 JavaThread "C2 CompilerThread0" daemon [_thread_blocked, id=4216, stack(0x0000000014bd0000,0x0000000014cd0000)]
  0x000000001345f800 JavaThread "Attach Listener" daemon [_thread_blocked, id=3344, stack(0x0000000014ad0000,0x0000000014bd0000)]
  0x000000001345e000 JavaThread "Signal Dispatcher" daemon [_thread_blocked, id=5248, stack(0x00000000149d0000,0x0000000014ad0000)]
  0x000000000203b000 JavaThread "Finalizer" daemon [_thread_blocked, id=4564, stack(0x00000000146d0000,0x00000000147d0000)]
  0x0000000002032000 JavaThread "Reference Handler" daemon [_thread_blocked, id=6088, stack(0x00000000145d0000,0x00000000146d0000)]

Other Threads:
  0x0000000013427000 VMThread [stack: 0x00000000144d0000,0x00000000145d0000] [id=3428]
  0x0000000014deb800 WatcherThread [stack: 0x00000000153d0000,0x00000000154d0000] [id=5232]

VM state:not at safepoint (normal execution)

VM Mutex/Monitor currently owned by a thread: None

Heap:
 PSYoungGen      total 63488K, used 60628K [0x00000000f5580000, 0x00000000fd780000, 0x0000000100000000)
  eden space 62976K, 96% used [0x00000000f5580000,0x00000000f90ad178,0x00000000f9300000)
  from space 512K, 6% used [0x00000000fd700000,0x00000000fd708000,0x00000000fd780000)
  to   space 2048K, 0% used [0x00000000fd380000,0x00000000fd380000,0x00000000fd580000)
 ParOldGen       total 44032K, used 27884K [0x00000000e0000000, 0x00000000e2b00000, 0x00000000f5580000)
  object space 44032K, 63% used [0x00000000e0000000,0x00000000e1b3b070,0x00000000e2b00000)
 Metaspace       used 14700K, capacity 14948K, committed 15232K, reserved 1062912K
  class space    used 1728K, capacity 1842K, committed 1920K, reserved 1048576K

Card table byte_map: [0x0000000011400000,0x0000000011510000] byte_map_base: 0x0000000010d00000

Marking Bits: (ParMarkBitMap*) 0x000000006b9ca6d0
 Begin Bits: [0x00000000119c0000, 0x00000000121c0000)
 End Bits:   [0x00000000121c0000, 0x00000000129c0000)

Polling page: 0x00000000005b0000

CodeCache: size=245760Kb used=4389Kb max_used=4396Kb free=241370Kb
 bounds [0x0000000002040000, 0x0000000002490000, 0x0000000011040000]
 total_blobs=1811 nmethods=1290 adapters=434
 compilation: enabled

Compilation events (10 events):
Event: 8.670 Thread 0x0000000014dd8800 1291       3       com.sun.crypto.provider.AESCrypt::mul4 (181 bytes)
Event: 8.670 Thread 0x0000000014dd8800 nmethod 1291 0x0000000002489510 code [0x0000000002489720, 0x000000000248a150]
Event: 8.677 Thread 0x0000000014dd8800 1292       3       java.util.StringTokenizer::skipDelimiters (116 bytes)
Event: 8.678 Thread 0x0000000014dd8800 nmethod 1292 0x0000000002488290 code [0x00000000024884a0, 0x0000000002489058]
Event: 8.678 Thread 0x0000000014dd8800 1293       3       java.util.ArrayList::iterator (10 bytes)
Event: 8.678 Thread 0x0000000014dd8800 nmethod 1293 0x0000000002487cd0 code [0x0000000002487e40, 0x0000000002488130]
Event: 8.678 Thread 0x0000000014dd8800 1294       1       java.util.logging.Level::intValue (5 bytes)
Event: 8.678 Thread 0x0000000014dd8800 nmethod 1294 0x000000000247cc90 code [0x000000000247cde0, 0x000000000247cef0]
Event: 8.679 Thread 0x0000000014dd8800 1295       3       java.util.ArrayList::toArray (12 bytes)
Event: 8.680 Thread 0x0000000014dd8800 nmethod 1295 0x00000000024877d0 code [0x0000000002487940, 0x0000000002487be8]

GC Heap History (10 events):
Event: 1.598 GC heap before
{Heap before GC invocations=4 (full 0):
 PSYoungGen      total 18944K, used 17488K [0x00000000f5580000, 0x00000000f7a80000, 0x0000000100000000)
  eden space 16384K, 100% used [0x00000000f5580000,0x00000000f6580000,0x00000000f6580000)
  from space 2560K, 43% used [0x00000000f6580000,0x00000000f6694010,0x00000000f6800000)
  to   space 2560K, 0% used [0x00000000f7800000,0x00000000f7800000,0x00000000f7a80000)
 ParOldGen       total 44032K, used 26765K [0x00000000e0000000, 0x00000000e2b00000, 0x00000000f5580000)
  object space 44032K, 60% used [0x00000000e0000000,0x00000000e1a235c0,0x00000000e2b00000)
 Metaspace       used 7415K, capacity 7584K, committed 7680K, reserved 1056768K
  class space    used 870K, capacity 930K, committed 1024K, reserved 1048576K
Event: 1.608 GC heap after
Heap after GC invocations=4 (full 0):
 PSYoungGen      total 35328K, used 1088K [0x00000000f5580000, 0x00000000f7a80000, 0x0000000100000000)
  eden space 32768K, 0% used [0x00000000f5580000,0x00000000f5580000,0x00000000f7580000)
  from space 2560K, 42% used [0x00000000f7800000,0x00000000f7910020,0x00000000f7a80000)
  to   space 2560K, 0% used [0x00000000f7580000,0x00000000f7580000,0x00000000f7800000)
 ParOldGen       total 44032K, used 26773K [0x00000000e0000000, 0x00000000e2b00000, 0x00000000f5580000)
  object space 44032K, 60% used [0x00000000e0000000,0x00000000e1a255c0,0x00000000e2b00000)
 Metaspace       used 7415K, capacity 7584K, committed 7680K, reserved 1056768K
  class space    used 870K, capacity 930K, committed 1024K, reserved 1048576K
}
Event: 2.287 GC heap before
{Heap before GC invocations=5 (full 0):
 PSYoungGen      total 35328K, used 33856K [0x00000000f5580000, 0x00000000f7a80000, 0x0000000100000000)
  eden space 32768K, 100% used [0x00000000f5580000,0x00000000f7580000,0x00000000f7580000)
  from space 2560K, 42% used [0x00000000f7800000,0x00000000f7910020,0x00000000f7a80000)
  to   space 2560K, 0% used [0x00000000f7580000,0x00000000f7580000,0x00000000f7800000)
 ParOldGen       total 44032K, used 26773K [0x00000000e0000000, 0x00000000e2b00000, 0x00000000f5580000)
  object space 44032K, 60% used [0x00000000e0000000,0x00000000e1a255c0,0x00000000e2b00000)
 Metaspace       used 7416K, capacity 7584K, committed 7680K, reserved 1056768K
  class space    used 870K, capacity 930K, committed 1024K, reserved 1048576K
Event: 2.290 GC heap after
Heap after GC invocations=5 (full 0):
 PSYoungGen      total 35328K, used 1184K [0x00000000f5580000, 0x00000000f9880000, 0x0000000100000000)
  eden space 32768K, 0% used [0x00000000f5580000,0x00000000f5580000,0x00000000f7580000)
  from space 2560K, 46% used [0x00000000f7580000,0x00000000f76a8000,0x00000000f7800000)
  to   space 1536K, 0% used [0x00000000f9700000,0x00000000f9700000,0x00000000f9880000)
 ParOldGen       total 44032K, used 26781K [0x00000000e0000000, 0x00000000e2b00000, 0x00000000f5580000)
  object space 44032K, 60% used [0x00000000e0000000,0x00000000e1a275c0,0x00000000e2b00000)
 Metaspace       used 7416K, capacity 7584K, committed 7680K, reserved 1056768K
  class space    used 870K, capacity 930K, committed 1024K, reserved 1048576K
}
Event: 2.713 GC heap before
{Heap before GC invocations=6 (full 0):
 PSYoungGen      total 35328K, used 33952K [0x00000000f5580000, 0x00000000f9880000, 0x0000000100000000)
  eden space 32768K, 100% used [0x00000000f5580000,0x00000000f7580000,0x00000000f7580000)
  from space 2560K, 46% used [0x00000000f7580000,0x00000000f76a8000,0x00000000f7800000)
  to   space 1536K, 0% used [0x00000000f9700000,0x00000000f9700000,0x00000000f9880000)
 ParOldGen       total 44032K, used 26781K [0x00000000e0000000, 0x00000000e2b00000, 0x00000000f5580000)
  object space 44032K, 60% used [0x00000000e0000000,0x00000000e1a275c0,0x00000000e2b00000)
 Metaspace       used 7416K, capacity 7584K, committed 7680K, reserved 1056768K
  class space    used 870K, capacity 930K, committed 1024K, reserved 1048576K
Event: 2.716 GC heap after
Heap after GC invocations=6 (full 0):
 PSYoungGen      total 67072K, used 1152K [0x00000000f5580000, 0x00000000f9880000, 0x0000000100000000)
  eden space 65536K, 0% used [0x00000000f5580000,0x00000000f5580000,0x00000000f9580000)
  from space 1536K, 75% used [0x00000000f9700000,0x00000000f9820000,0x00000000f9880000)
  to   space 1536K, 0% used [0x00000000f9580000,0x00000000f9580000,0x00000000f9700000)
 ParOldGen       total 44032K, used 26781K [0x00000000e0000000, 0x00000000e2b00000, 0x00000000f5580000)
  object space 44032K, 60% used [0x00000000e0000000,0x00000000e1a275c0,0x00000000e2b00000)
 Metaspace       used 7416K, capacity 7584K, committed 7680K, reserved 1056768K
  class space    used 870K, capacity 930K, committed 1024K, reserved 1048576K
}
Event: 3.327 GC heap before
{Heap before GC invocations=7 (full 0):
 PSYoungGen      total 67072K, used 66688K [0x00000000f5580000, 0x00000000f9880000, 0x0000000100000000)
  eden space 65536K, 100% used [0x00000000f5580000,0x00000000f9580000,0x00000000f9580000)
  from space 1536K, 75% used [0x00000000f9700000,0x00000000f9820000,0x00000000f9880000)
  to   space 1536K, 0% used [0x00000000f9580000,0x00000000f9580000,0x00000000f9700000)
 ParOldGen       total 44032K, used 26781K [0x00000000e0000000, 0x00000000e2b00000, 0x00000000f5580000)
  object space 44032K, 60% used [0x00000000e0000000,0x00000000e1a275c0,0x00000000e2b00000)
 Metaspace       used 7416K, capacity 7584K, committed 7680K, reserved 1056768K
  class space    used 870K, capacity 930K, committed 1024K, reserved 1048576K
Event: 3.329 GC heap after
Heap after GC invocations=7 (full 0):
 PSYoungGen      total 67072K, used 96K [0x00000000f5580000, 0x00000000fd880000, 0x0000000100000000)
  eden space 65536K, 0% used [0x00000000f5580000,0x00000000f5580000,0x00000000f9580000)
  from space 1536K, 6% used [0x00000000f9580000,0x00000000f9598000,0x00000000f9700000)
  to   space 1536K, 0% used [0x00000000fd700000,0x00000000fd700000,0x00000000fd880000)
 ParOldGen       total 44032K, used 27868K [0x00000000e0000000, 0x00000000e2b00000, 0x00000000f5580000)
  object space 44032K, 63% used [0x00000000e0000000,0x00000000e1b37070,0x00000000e2b00000)
 Metaspace       used 7416K, capacity 7584K, committed 7680K, reserved 1056768K
  class space    used 870K, capacity 930K, committed 1024K, reserved 1048576K
}
Event: 4.030 GC heap before
{Heap before GC invocations=8 (full 0):
 PSYoungGen      total 67072K, used 65632K [0x00000000f5580000, 0x00000000fd880000, 0x0000000100000000)
  eden space 65536K, 100% used [0x00000000f5580000,0x00000000f9580000,0x00000000f9580000)
  from space 1536K, 6% used [0x00000000f9580000,0x00000000f9598000,0x00000000f9700000)
  to   space 1536K, 0% used [0x00000000fd700000,0x00000000fd700000,0x00000000fd880000)
 ParOldGen       total 44032K, used 27868K [0x00000000e0000000, 0x00000000e2b00000, 0x00000000f5580000)
  object space 44032K, 63% used [0x00000000e0000000,0x00000000e1b37070,0x00000000e2b00000)
 Metaspace       used 7416K, capacity 7584K, committed 7680K, reserved 1056768K
  class space    used 870K, capacity 930K, committed 1024K, reserved 1048576K
Event: 4.031 GC heap after
Heap after GC invocations=8 (full 0):
 PSYoungGen      total 63488K, used 32K [0x00000000f5580000, 0x00000000fd780000, 0x0000000100000000)
  eden space 62976K, 0% used [0x00000000f5580000,0x00000000f5580000,0x00000000f9300000)
  from space 512K, 6% used [0x00000000fd700000,0x00000000fd708000,0x00000000fd780000)
  to   space 2048K, 0% used [0x00000000fd380000,0x00000000fd380000,0x00000000fd580000)
 ParOldGen       total 44032K, used 27884K [0x00000000e0000000, 0x00000000e2b00000, 0x00000000f5580000)
  object space 44032K, 63% used [0x00000000e0000000,0x00000000e1b3b070,0x00000000e2b00000)
 Metaspace       used 7416K, capacity 7584K, committed 7680K, reserved 1056768K
  class space    used 870K, capacity 930K, committed 1024K, reserved 1048576K
}

Deoptimization events (10 events):
Event: 8.050 Thread 0x0000000015188000 Uncommon trap: reason=bimorphic action=maybe_recompile pc=0x00000000022f17e0 method=java.util.HashMap.putVal(ILjava/lang/Object;Ljava/lang/Object;ZZ)Ljava/lang/Object; @ 91
Event: 8.050 Thread 0x0000000015188000 Uncommon trap: reason=bimorphic action=maybe_recompile pc=0x00000000022f17e0 method=java.util.HashMap.putVal(ILjava/lang/Object;Ljava/lang/Object;ZZ)Ljava/lang/Object; @ 91
Event: 8.052 Thread 0x0000000015188000 Uncommon trap: reason=bimorphic action=maybe_recompile pc=0x00000000022f17e0 method=java.util.HashMap.putVal(ILjava/lang/Object;Ljava/lang/Object;ZZ)Ljava/lang/Object; @ 91
Event: 8.250 Thread 0x0000000015188000 Uncommon trap: reason=class_check action=maybe_recompile pc=0x000000000235bf5c method=java.util.HashMap.putVal(ILjava/lang/Object;Ljava/lang/Object;ZZ)Ljava/lang/Object; @ 253
Event: 8.250 Thread 0x0000000015188000 Uncommon trap: reason=class_check action=maybe_recompile pc=0x000000000235bf5c method=java.util.HashMap.putVal(ILjava/lang/Object;Ljava/lang/Object;ZZ)Ljava/lang/Object; @ 253
Event: 8.254 Thread 0x0000000015188000 Uncommon trap: reason=unstable_if action=reinterpret pc=0x000000000228205c method=java.io.WinNTFileSystem.normalize(Ljava/lang/String;)Ljava/lang/String; @ 128
Event: 8.436 Thread 0x0000000015188000 Uncommon trap: reason=bimorphic action=maybe_recompile pc=0x00000000023c3cb4 method=java.util.regex.Pattern$BmpCharProperty.match(Ljava/util/regex/Matcher;ILjava/lang/CharSequence;)Z @ 31
Event: 8.437 Thread 0x0000000015188000 Uncommon trap: reason=bimorphic action=maybe_recompile pc=0x00000000023c3cb4 method=java.util.regex.Pattern$BmpCharProperty.match(Ljava/util/regex/Matcher;ILjava/lang/CharSequence;)Z @ 31
Event: 8.437 Thread 0x0000000015188000 Uncommon trap: reason=bimorphic action=maybe_recompile pc=0x00000000023c3cb4 method=java.util.regex.Pattern$BmpCharProperty.match(Ljava/util/regex/Matcher;ILjava/lang/CharSequence;)Z @ 31
Event: 8.437 Thread 0x0000000015188000 Uncommon trap: reason=bimorphic action=maybe_recompile pc=0x00000000023c3cb4 method=java.util.regex.Pattern$BmpCharProperty.match(Ljava/util/regex/Matcher;ILjava/lang/CharSequence;)Z @ 31

Internal exceptions (10 events):
Event: 0.053 Thread 0x0000000001f3e800 Exception <a 'java/lang/NoSuchMethodError': Method sun.misc.Unsafe.defineClass(Ljava/lang/String;[BII)Ljava/lang/Class; name or signature does not match> (0x00000000f5587c78) thrown at [C:\re\workspace\8-2-build-windows-amd64-cygwin\jdk8u112\7884\hotspot\
Event: 0.053 Thread 0x0000000001f3e800 Exception <a 'java/lang/NoSuchMethodError': Method sun.misc.Unsafe.prefetchRead(Ljava/lang/Object;J)V name or signature does not match> (0x00000000f5587f60) thrown at [C:\re\workspace\8-2-build-windows-amd64-cygwin\jdk8u112\7884\hotspot\src\share\vm\prims
Event: 0.275 Thread 0x0000000001f3e800 Exception <a 'java/security/PrivilegedActionException'> (0x00000000f5618e08) thrown at [C:\re\workspace\8-2-build-windows-amd64-cygwin\jdk8u112\7884\hotspot\src\share\vm\prims\jvm.cpp, line 1390]
Event: 0.275 Thread 0x0000000001f3e800 Exception <a 'java/security/PrivilegedActionException'> (0x00000000f5619018) thrown at [C:\re\workspace\8-2-build-windows-amd64-cygwin\jdk8u112\7884\hotspot\src\share\vm\prims\jvm.cpp, line 1390]
Event: 0.277 Thread 0x0000000001f3e800 Exception <a 'java/security/PrivilegedActionException'> (0x00000000f561cf00) thrown at [C:\re\workspace\8-2-build-windows-amd64-cygwin\jdk8u112\7884\hotspot\src\share\vm\prims\jvm.cpp, line 1390]
Event: 0.277 Thread 0x0000000001f3e800 Exception <a 'java/security/PrivilegedActionException'> (0x00000000f561d110) thrown at [C:\re\workspace\8-2-build-windows-amd64-cygwin\jdk8u112\7884\hotspot\src\share\vm\prims\jvm.cpp, line 1390]
Event: 0.290 Thread 0x0000000001f3e800 Exception <a 'java/io/FileNotFoundException'> (0x00000000f5677f70) thrown at [C:\re\workspace\8-2-build-windows-amd64-cygwin\jdk8u112\7884\hotspot\src\share\vm\prims\jni.cpp, line 709]
Event: 0.382 Thread 0x0000000001f3e800 Exception <a 'java/lang/NoSuchFieldError': method resolution failed> (0x00000000f5745518) thrown at [C:\re\workspace\8-2-build-windows-amd64-cygwin\jdk8u112\7884\hotspot\src\share\vm\prims\methodHandles.cpp, line 1146]
Event: 0.385 Thread 0x0000000001f3e800 Exception <a 'java/lang/NoSuchFieldError': method resolution failed> (0x00000000f57528e8) thrown at [C:\re\workspace\8-2-build-windows-amd64-cygwin\jdk8u112\7884\hotspot\src\share\vm\prims\methodHandles.cpp, line 1146]
Event: 0.558 Thread 0x0000000015188000 Exception <a 'java/io/FileNotFoundException'> (0x00000000f58d2468) thrown at [C:\re\workspace\8-2-build-windows-amd64-cygwin\jdk8u112\7884\hotspot\src\share\vm\prims\jni.cpp, line 709]

Events (10 events):
Event: 8.675 loading class javax/crypto/MacSpi
Event: 8.675 loading class javax/crypto/MacSpi done
Event: 8.678 loading class sun/security/ssl/CipherBox$1
Event: 8.678 loading class sun/security/ssl/CipherBox$1 done
Event: 8.678 loading class java/lang/StrictMath
Event: 8.678 loading class java/lang/StrictMath done
Event: 8.679 loading class com/microsoft/sqlserver/jdbc/AuthenticationJNI
Event: 8.679 loading class com/microsoft/sqlserver/jdbc/AuthenticationJNI done
Event: 8.680 loading class java/lang/ClassLoaderHelper
Event: 8.680 loading class java/lang/ClassLoaderHelper done


Dynamic libraries:
0x00007ff7dbf40000 - 0x00007ff7dbf77000 	C:\Program Files\Java\jdk1.8.0_112\bin\java.exe
0x00007fffa6c40000 - 0x00007fffa6ded000 	C:\windows\SYSTEM32\ntdll.dll
0x00007fffa5510000 - 0x00007fffa564e000 	C:\windows\system32\KERNEL32.DLL
0x00007fffa41a0000 - 0x00007fffa42b5000 	C:\windows\system32\KERNELBASE.dll
0x00007fffa1d80000 - 0x00007fffa1e0e000 	C:\windows\system32\apphelp.dll
0x00007fff8c200000 - 0x00007fff8c253000 	C:\windows\AppPatch\AppPatch64\AcGenral.DLL
0x00007fffa5650000 - 0x00007fffa56fa000 	C:\windows\system32\msvcrt.dll
0x00007fffa3ee0000 - 0x00007fffa3f0e000 	C:\windows\system32\SspiCli.dll
0x00007fffa4a10000 - 0x00007fffa4a64000 	C:\windows\system32\SHLWAPI.dll
0x00007fffa4de0000 - 0x00007fffa4f57000 	C:\windows\system32\USER32.dll
0x00007fffa4480000 - 0x00007fffa4614000 	C:\windows\system32\ole32.dll
0x00007fffa5700000 - 0x00007fffa6c28000 	C:\windows\system32\SHELL32.dll
0x00007fffa3360000 - 0x00007fffa3381000 	C:\windows\SYSTEM32\USERENV.dll
0x00007fffa4ad0000 - 0x00007fffa4b7a000 	C:\windows\system32\ADVAPI32.dll
0x00007fff8a740000 - 0x00007fff8a75e000 	C:\windows\SYSTEM32\MPR.dll
0x00007fffa52f0000 - 0x00007fffa5430000 	C:\windows\system32\RPCRT4.dll
0x00007fffa4a70000 - 0x00007fffa4ac9000 	C:\windows\SYSTEM32\sechost.dll
0x00007fffa4b80000 - 0x00007fffa4d91000 	C:\windows\SYSTEM32\combase.dll
0x00007fffa48a0000 - 0x00007fffa49ef000 	C:\windows\system32\GDI32.dll
0x00007fffa3d60000 - 0x00007fffa3d75000 	C:\windows\SYSTEM32\profapi.dll
0x00007fffa1920000 - 0x00007fffa19d2000 	C:\windows\SYSTEM32\SHCORE.dll
0x00007fffa4da0000 - 0x00007fffa4dd6000 	C:\windows\system32\IMM32.DLL
0x00007fffa4740000 - 0x00007fffa4892000 	C:\windows\system32\MSCTF.dll
0x00007fffa0f20000 - 0x00007fffa119a000 	C:\windows\WinSxS\amd64_microsoft.windows.common-controls_6595b64144ccf1df_6.0.9600.17810_none_6240b9c7ecbd0bda\COMCTL32.dll
0x000000006b0d0000 - 0x000000006b1a2000 	C:\Program Files\Java\jdk1.8.0_112\jre\bin\msvcr100.dll
0x000000006b1b0000 - 0x000000006ba4a000 	C:\Program Files\Java\jdk1.8.0_112\jre\bin\server\jvm.dll
0x00007fff8c270000 - 0x00007fff8c279000 	C:\windows\SYSTEM32\WSOCK32.dll
0x00007fffa1430000 - 0x00007fffa1452000 	C:\windows\SYSTEM32\WINMM.dll
0x00007fffa21c0000 - 0x00007fffa21ca000 	C:\windows\SYSTEM32\VERSION.dll
0x00007fffa6c30000 - 0x00007fffa6c37000 	C:\windows\system32\PSAPI.DLL
0x00007fffa4620000 - 0x00007fffa467a000 	C:\windows\system32\WS2_32.dll
0x00007fffa13e0000 - 0x00007fffa140a000 	C:\windows\SYSTEM32\WINMMBASE.dll
0x00007fffa4fc0000 - 0x00007fffa4fc9000 	C:\windows\system32\NSI.dll
0x00007fffa3e30000 - 0x00007fffa3e7f000 	C:\windows\SYSTEM32\cfgmgr32.dll
0x00007fffa2b80000 - 0x00007fffa2ba8000 	C:\windows\SYSTEM32\DEVOBJ.dll
0x000000006b080000 - 0x000000006b08f000 	C:\Program Files\Java\jdk1.8.0_112\jre\bin\verify.dll
0x000000006b050000 - 0x000000006b079000 	C:\Program Files\Java\jdk1.8.0_112\jre\bin\java.dll
0x000000006b030000 - 0x000000006b046000 	C:\Program Files\Java\jdk1.8.0_112\jre\bin\zip.dll
0x000000006ae50000 - 0x000000006afe8000 	C:\Program Files\Java\jdk1.8.0_112\jre\bin\awt.dll
0x00007fffa5040000 - 0x00007fffa5106000 	C:\windows\system32\OLEAUT32.dll
0x00007fffa2a00000 - 0x00007fffa2b29000 	C:\windows\system32\uxtheme.dll
0x00007fff9c770000 - 0x00007fff9c81b000 	C:\Program Files\Common Files\microsoft shared\ink\tiptsf.dll
0x00007fffa14c0000 - 0x00007fffa14e1000 	C:\windows\system32\dwmapi.dll
0x00007fffa2bd0000 - 0x00007fffa2bdb000 	C:\windows\SYSTEM32\kernel.appcore.dll
0x00007fffa3bd0000 - 0x00007fffa3bdb000 	C:\windows\SYSTEM32\CRYPTBASE.dll
0x00007fffa3b60000 - 0x00007fffa3bc3000 	C:\windows\SYSTEM32\bcryptPrimitives.dll
0x0000000180000000 - 0x0000000180180000 	C:\Program Files (x86)\ABBYY Lingvo x6\LvHook64.dll
0x00007fff7b720000 - 0x00007fff7b737000 	C:\Program Files (x86)\ABBYY Lingvo x6\Detoured64.dll
0x00007fff9b970000 - 0x00007fff9b977000 	C:\windows\SYSTEM32\MSIMG32.dll
0x00007fff81ea0000 - 0x00007fff81fcb000 	C:\windows\system32\opengl32.dll
0x00007fff947d0000 - 0x00007fff947fe000 	C:\windows\SYSTEM32\GLU32.dll
0x00007fff81da0000 - 0x00007fff81e98000 	C:\windows\SYSTEM32\DDRAW.dll
0x00007fff947c0000 - 0x00007fff947c9000 	C:\windows\SYSTEM32\DCIMAN32.dll
0x000000006aa30000 - 0x000000006aa61000 	C:\Program Files\Java\jdk1.8.0_112\jre\bin\jpeg.dll
0x000000006ae00000 - 0x000000006ae47000 	C:\Program Files\Java\jdk1.8.0_112\jre\bin\fontmanager.dll
0x00007fff9e650000 - 0x00007fff9e6ba000 	C:\windows\SYSTEM32\oleacc.dll
0x000000006b010000 - 0x000000006b02a000 	C:\Program Files\Java\jdk1.8.0_112\jre\bin\net.dll
0x00007fffa3590000 - 0x00007fffa35e9000 	C:\windows\system32\mswsock.dll
0x000000006aff0000 - 0x000000006b001000 	C:\Program Files\Java\jdk1.8.0_112\jre\bin\nio.dll
0x00007fffa4680000 - 0x00007fffa4736000 	C:\windows\SYSTEM32\clbcatq.dll
0x000000006adb0000 - 0x000000006adf2000 	C:\Program Files\Java\jdk1.8.0_112\jre\bin\t2k.dll
0x00007fffa2820000 - 0x00007fffa29ce000 	C:\windows\SYSTEM32\WindowsCodecs.dll
0x00007fffa3630000 - 0x00007fffa3650000 	C:\windows\SYSTEM32\CRYPTSP.dll
0x00007fffa31f0000 - 0x00007fffa3226000 	C:\windows\system32\rsaenh.dll
0x00007fffa3810000 - 0x00007fffa3836000 	C:\windows\SYSTEM32\bcrypt.dll
0x00007fffa3390000 - 0x00007fffa3434000 	C:\windows\SYSTEM32\DNSAPI.dll
0x00007fff9b8b0000 - 0x00007fff9b8ba000 	C:\Windows\System32\rasadhlp.dll
0x00007fff9f610000 - 0x00007fff9f67b000 	C:\windows\System32\fwpuclnt.dll
0x000000006aa00000 - 0x000000006aa24000 	C:\Program Files\Java\jdk1.8.0_112\jre\bin\sunec.dll
0x00007fff9fe60000 - 0x00007fff9fe8a000 	C:\windows\SYSTEM32\IPHLPAPI.DLL
0x00007fff9fb80000 - 0x00007fff9fb8a000 	C:\windows\SYSTEM32\WINNSI.DLL
0x00007fff9f290000 - 0x00007fff9f2a6000 	C:\windows\SYSTEM32\dhcpcsvc6.DLL
0x00007fff9f3f0000 - 0x00007fff9f40a000 	C:\windows\SYSTEM32\dhcpcsvc.DLL
0x000000006a9f0000 - 0x000000006a9fb000 	C:\Program Files\Java\jdk1.8.0_112\jre\bin\sunmscapi.dll
0x00007fffa3f10000 - 0x00007fffa40ef000 	C:\windows\system32\CRYPT32.dll
0x00007fffa3e10000 - 0x00007fffa3e21000 	C:\windows\system32\MSASN1.dll
0x000000006a9d0000 - 0x000000006a9e7000 	C:\Windows\System32\sqljdbc_auth.dll
0x00007fff9eb50000 - 0x00007fff9eb5c000 	C:\windows\system32\secur32.dll
0x00007fffa3650000 - 0x00007fffa3748000 	C:\windows\system32\kerberos.DLL
0x00007fffa3750000 - 0x00007fffa376a000 	C:\windows\SYSTEM32\cryptdll.dll
0x00007fffa3520000 - 0x00007fffa358e000 	C:\windows\system32\msv1_0.DLL
0x00007fffa23a0000 - 0x00007fffa23c9000 	C:\windows\system32\ntdsapi.dll
0x00007fff8ea80000 - 0x00007fff8ea95000 	C:\windows\system32\napinsp.dll
0x00007fff8eac0000 - 0x00007fff8eada000 	C:\windows\system32\pnrpnsp.dll
0x00007fffa2400000 - 0x00007fffa241b000 	C:\windows\system32\NLAapi.dll
0x00007fff8eae0000 - 0x00007fff8eaed000 	C:\windows\System32\winrnr.dll
0x00007fff8eb00000 - 0x00007fff8eb14000 	C:\windows\system32\wshbth.dll
0x00007fff89410000 - 0x00007fff8959a000 	C:\windows\SYSTEM32\dbghelp.dll

VM Arguments:
jvm_args: -Dfile.encoding=UTF-8 -Xmx512m -Xmx512m 
java_command: cascadeapp.CascadeApp
java_class_path (initial): E:\GD\GitHub\Cascade\sqljdbc_2.0\enu\sqljdbc4.jar;E:\GD\GitHub\Cascade\sqljdbc_2.0;E:\GD\GitHub\Cascade\CascadeApp\build\classes
Launcher Type: SUN_STANDARD

Environment Variables:
_JAVA_OPTIONS=-Xmx512m
PATH=C:\Program Files (x86)\Common Files\Intel\Shared Files\cpp\bin\Intel64;C:\ProgramData\Oracle\Java\javapath;C:\Program Files (x86)\Intel\iCLS Client\;C:\Program Files\Intel\iCLS Client\;C:\windows\system32;C:\windows;C:\windows\System32\Wbem;C:\windows\System32\WindowsPowerShell\v1.0\;C:\Program Files\Intel\Intel(R) Management Engine Components\DAL;C:\Program Files\Intel\Intel(R) Management Engine Components\IPT;C:\Program Files (x86)\Intel\Intel(R) Management Engine Components\DAL;C:\Program Files (x86)\Intel\Intel(R) Management Engine Components\IPT;C:\Program Files\Microsoft SQL Server\Client SDK\ODBC\110\Tools\Binn\;C:\Program Files (x86)\Microsoft SQL Server\120\Tools\Binn\;C:\Program Files\Microsoft SQL Server\120\Tools\Binn\;C:\Program Files\Microsoft SQL Server\120\DTS\Binn\;C:\Program Files (x86)\Microsoft SQL Server\120\Tools\Binn\ManagementStudio\;C:\Program Files (x86)\Microsoft SQL Server\120\DTS\Binn\;C:\Program Files (x86)\Skype\Phone\;C:\Program Files\Common Files\Autodesk Shared\;C:\Program Files (x86)\Autodesk\Backburner\;C:\Program Files (x86)\Microsoft SQL Server\Client SDK\ODBC\130\Tools\Binn\;C:\Program Files (x86)\Microsoft SQL Server\130\Tools\Binn\;C:\Program Files (x86)\Microsoft SQL Server\130\DTS\Binn\;C:\Program Files (x86)\Microsoft SQL Server\130\Tools\Binn\ManagementStudio\
USERNAME=Светлана
OS=Windows_NT
PROCESSOR_IDENTIFIER=Intel64 Family 6 Model 69 Stepping 1, GenuineIntel



---------------  S Y S T E M  ---------------

OS: Windows 8.1 , 64 bit Build 9600 (6.3.9600.17415)

CPU:total 4 (2 cores per cpu, 2 threads per core) family 6 model 69 stepping 1, cmov, cx8, fxsr, mmx, sse, sse2, sse3, ssse3, sse4.1, sse4.2, popcnt, avx, avx2, aes, clmul, erms, lzcnt, ht, tsc, tscinvbit, bmi1, bmi2

Memory: 4k page, physical 4104472k(1464928k free), swap 9347352k(6400240k free)

vm_info: Java HotSpot(TM) 64-Bit Server VM (25.112-b15) for windows-amd64 JRE (1.8.0_112-b15), built on Sep 22 2016 21:31:56 by "java_re" with MS VC++ 10.0 (VS2010)

time: Sat Feb 25 14:03:52 2017
elapsed time: 8 seconds (0d 0h 0m 8s)

