#
# A fatal error has been detected by the Java Runtime Environment:
#
#  EXCEPTION_ACCESS_VIOLATION (0xc0000005) at pc=0x00000000657def23, pid=5808, tid=0x000000000000155c
#
# JRE version: Java(TM) SE Runtime Environment (8.0_121-b13) (build 1.8.0_121-b13)
# Java VM: Java HotSpot(TM) 64-Bit Server VM (25.121-b13 mixed mode windows-amd64 compressed oops)
# Problematic frame:
# V  [jvm.dll+0x13ef23]
#
# Failed to write core dump. Minidumps are not enabled by default on client versions of Windows
#
# If you would like to submit a bug report, please visit:
#   http://bugreport.java.com/bugreport/crash.jsp
#

---------------  T H R E A D  ---------------

Current thread (0x000000001586c000):  JavaThread "AWT-EventQueue-0" [_thread_in_vm, id=5468, stack(0x0000000015ee0000,0x0000000015fe0000)]

siginfo: ExceptionCode=0xc0000005, reading address 0x000000032c7249e8

Registers:
RAX=0x0000000000000000, RBX=0x000000001586c000, RCX=0x0000000000000003, RDX=0x000000032c724980
RSP=0x0000000015fdc560, RBP=0x0000000015fdc6b0, RSI=0x000000001586c1f8, RDI=0x000000001586c000
R8 =0xffffffff9acfea28, R9 =0x0000000065301607, R10=0x000000000000002f, R11=0x000000000000002f
R12=0x0000000000000000, R13=0x0000000015fdc8c0, R14=0x0000000015fdc8f0, R15=0x0000000015fdc8f8
RIP=0x00000000657def23, EFLAGS=0x0000000000010202

Top of Stack: (sp=0x0000000015fdc560)
0x0000000015fdc560:   00000000653015d8 000000001586c000
0x0000000015fdc570:   0000000015fdc6b0 0000000000000000
0x0000000015fdc580:   000000001586c000 0000000000000000
0x0000000015fdc590:   0000000000000000 0000000000000000
0x0000000015fdc5a0:   000000001586c000 0000000065303634
0x0000000015fdc5b0:   000000001586c1f8 0000000015fdc6b0
0x0000000015fdc5c0:   0000000015863cf0 00000000026e16a0
0x0000000015fdc5d0:   0000000000000000 00000000026e1797
0x0000000015fdc5e0:   00000000026e1aa0 0000000000000000
0x0000000015fdc5f0:   0000000000000000 0000000000000000
0x0000000015fdc600:   00000000026e16a0 0000000013010000
0x0000000015fdc610:   0000000000000000 0000000000000000
0x0000000015fdc620:   0000000000000000 0000000000000000
0x0000000015fdc630:   0000000000000000 0000000000000000
0x0000000015fdc640:   0000000000000000 0000000015fdc8c0
0x0000000015fdc650:   0000000015fdc8d8 0000000000000000 

Instructions: (pc=0x00000000657def23)
0x00000000657def03:   00 00 48 8b 17 74 15 8b 52 08 8b 0d 95 08 66 00
0x00000000657def13:   48 d3 e2 48 03 15 83 08 66 00 eb 04 48 8b 52 08
0x00000000657def23:   48 8b 52 68 48 8b ce e8 11 78 0d 00 48 83 7c 24
0x00000000657def33:   28 00 48 8b f0 74 0a 48 8d 4c 24 20 e8 cc ca 13 


Register to memory mapping:

RAX=0x0000000000000000 is an unknown value
RBX=0x000000001586c000 is a thread
RCX=0x0000000000000003 is an unknown value
RDX=0x000000032c724980 is an unknown value
RSP=0x0000000015fdc560 is pointing into the stack for thread: 0x000000001586c000
RBP=0x0000000015fdc6b0 is pointing into the stack for thread: 0x000000001586c000
RSI=0x000000001586c1f8 is an unknown value
RDI=0x000000001586c000 is a thread
R8 =0xffffffff9acfea28 is an unknown value
R9 =0x0000000065301607 is an unknown value
R10=0x000000000000002f is an unknown value
R11=0x000000000000002f is an unknown value
R12=0x0000000000000000 is an unknown value
R13=0x0000000015fdc8c0 is pointing into the stack for thread: 0x000000001586c000
R14=0x0000000015fdc8f0 is pointing into the stack for thread: 0x000000001586c000
R15=0x0000000015fdc8f8 is pointing into the stack for thread: 0x000000001586c000


Stack: [0x0000000015ee0000,0x0000000015fe0000],  sp=0x0000000015fdc560,  free space=1009k
Native frames: (J=compiled Java code, j=interpreted, Vv=VM code, C=native code)
V  [jvm.dll+0x13ef23]
C  [sqljdbc_auth.dll+0x3634]
C  0x0000000002697f74

Java frames: (J=compiled Java code, j=interpreted, Vv=VM code)
j  com.microsoft.sqlserver.jdbc.AuthenticationJNI.SNISecGenClientContext([B[I[BI[B[I[ZLjava/lang/String;Ljava/lang/String;Ljava/lang/String;Ljava/util/logging/Logger;)I+0
j  com.microsoft.sqlserver.jdbc.AuthenticationJNI.GenerateClientContext([BI[B[I[Z)I+24
j  com.microsoft.sqlserver.jdbc.SQLServerConnection.SSPIData([B[B[I[ZLcom/microsoft/sqlserver/jdbc/AuthenticationJNI;)V+13
j  com.microsoft.sqlserver.jdbc.SQLServerConnection.sendLogon(Lcom/microsoft/sqlserver/jdbc/SQLServerConnection$LogonCommand;Lcom/microsoft/sqlserver/jdbc/AuthenticationJNI;)V+155
j  com.microsoft.sqlserver.jdbc.SQLServerConnection.logon(Lcom/microsoft/sqlserver/jdbc/SQLServerConnection$LogonCommand;)V+20
j  com.microsoft.sqlserver.jdbc.SQLServerConnection.access$000(Lcom/microsoft/sqlserver/jdbc/SQLServerConnection;Lcom/microsoft/sqlserver/jdbc/SQLServerConnection$LogonCommand;)V+2
j  com.microsoft.sqlserver.jdbc.SQLServerConnection$LogonCommand.doExecute()Z+5
j  com.microsoft.sqlserver.jdbc.TDSCommand.execute(Lcom/microsoft/sqlserver/jdbc/TDSWriter;Lcom/microsoft/sqlserver/jdbc/TDSReader;)Z+30
j  com.microsoft.sqlserver.jdbc.SQLServerConnection.executeCommand(Lcom/microsoft/sqlserver/jdbc/TDSCommand;)Z+45
j  com.microsoft.sqlserver.jdbc.SQLServerConnection.connectHelper(Lcom/microsoft/sqlserver/jdbc/ServerPortPlaceHolder;II)V+284
j  com.microsoft.sqlserver.jdbc.SQLServerConnection.login(Ljava/lang/String;Ljava/lang/String;ILjava/lang/String;Lcom/microsoft/sqlserver/jdbc/FailoverInfo;IJ)V+399
j  com.microsoft.sqlserver.jdbc.SQLServerConnection.connect(Ljava/util/Properties;Lcom/microsoft/sqlserver/jdbc/SQLServerPooledConnection;)Ljava/sql/Connection;+1929
j  com.microsoft.sqlserver.jdbc.SQLServerDriver.connect(Ljava/lang/String;Ljava/util/Properties;)Ljava/sql/Connection;+45
j  java.sql.DriverManager.getConnection(Ljava/lang/String;Ljava/util/Properties;Ljava/lang/Class;)Ljava/sql/Connection;+171
j  java.sql.DriverManager.getConnection(Ljava/lang/String;)Ljava/sql/Connection;+13
j  dataBase.DataBaseConnection.<init>()V+39
j  dataBase.DataBaseConnection.getInstanceDataBase()LdataBase/DataBaseConnection;+10
j  views.StartPage$organizationBtnListener.actionPerformed(Ljava/awt/event/ActionEvent;)V+11
j  javax.swing.AbstractButton.fireActionPerformed(Ljava/awt/event/ActionEvent;)V+83
j  javax.swing.AbstractButton$Handler.actionPerformed(Ljava/awt/event/ActionEvent;)V+5
j  javax.swing.DefaultButtonModel.fireActionPerformed(Ljava/awt/event/ActionEvent;)V+34
j  javax.swing.DefaultButtonModel.setPressed(Z)V+117
j  javax.swing.plaf.basic.BasicButtonListener.mouseReleased(Ljava/awt/event/MouseEvent;)V+35
j  java.awt.Component.processMouseEvent(Ljava/awt/event/MouseEvent;)V+64
j  javax.swing.JComponent.processMouseEvent(Ljava/awt/event/MouseEvent;)V+23
j  java.awt.Component.processEvent(Ljava/awt/AWTEvent;)V+81
j  java.awt.Container.processEvent(Ljava/awt/AWTEvent;)V+18
j  java.awt.Component.dispatchEventImpl(Ljava/awt/AWTEvent;)V+589
j  java.awt.Container.dispatchEventImpl(Ljava/awt/AWTEvent;)V+42
j  java.awt.Component.dispatchEvent(Ljava/awt/AWTEvent;)V+2
j  java.awt.LightweightDispatcher.retargetMouseEvent(Ljava/awt/Component;ILjava/awt/event/MouseEvent;)V+327
j  java.awt.LightweightDispatcher.processMouseEvent(Ljava/awt/event/MouseEvent;)Z+155
j  java.awt.LightweightDispatcher.dispatchEvent(Ljava/awt/AWTEvent;)Z+50
j  java.awt.Container.dispatchEventImpl(Ljava/awt/AWTEvent;)V+12
j  java.awt.Window.dispatchEventImpl(Ljava/awt/AWTEvent;)V+19
j  java.awt.Component.dispatchEvent(Ljava/awt/AWTEvent;)V+2
j  java.awt.EventQueue.dispatchEventImpl(Ljava/awt/AWTEvent;Ljava/lang/Object;)V+41
j  java.awt.EventQueue.access$500(Ljava/awt/EventQueue;Ljava/awt/AWTEvent;Ljava/lang/Object;)V+3
j  java.awt.EventQueue$3.run()Ljava/lang/Void;+32
j  java.awt.EventQueue$3.run()Ljava/lang/Object;+1
v  ~StubRoutines::call_stub
j  java.security.AccessController.doPrivileged(Ljava/security/PrivilegedAction;Ljava/security/AccessControlContext;)Ljava/lang/Object;+0
j  java.security.ProtectionDomain$JavaSecurityAccessImpl.doIntersectionPrivilege(Ljava/security/PrivilegedAction;Ljava/security/AccessControlContext;Ljava/security/AccessControlContext;)Ljava/lang/Object;+18
j  java.security.ProtectionDomain$JavaSecurityAccessImpl.doIntersectionPrivilege(Ljava/security/PrivilegedAction;Ljava/security/AccessControlContext;)Ljava/lang/Object;+6
j  java.awt.EventQueue$4.run()Ljava/lang/Void;+11
j  java.awt.EventQueue$4.run()Ljava/lang/Object;+1
v  ~StubRoutines::call_stub
j  java.security.AccessController.doPrivileged(Ljava/security/PrivilegedAction;Ljava/security/AccessControlContext;)Ljava/lang/Object;+0
j  java.security.ProtectionDomain$JavaSecurityAccessImpl.doIntersectionPrivilege(Ljava/security/PrivilegedAction;Ljava/security/AccessControlContext;Ljava/security/AccessControlContext;)Ljava/lang/Object;+18
j  java.awt.EventQueue.dispatchEvent(Ljava/awt/AWTEvent;)V+73
j  java.awt.EventDispatchThread.pumpOneEventForFilters(I)V+245
j  java.awt.EventDispatchThread.pumpEventsForFilter(ILjava/awt/Conditional;Ljava/awt/EventFilter;)V+35
j  java.awt.EventDispatchThread.pumpEventsForHierarchy(ILjava/awt/Conditional;Ljava/awt/Component;)V+11
j  java.awt.EventDispatchThread.pumpEvents(ILjava/awt/Conditional;)V+4
j  java.awt.EventDispatchThread.pumpEvents(Ljava/awt/Conditional;)V+3
j  java.awt.EventDispatchThread.run()V+9
v  ~StubRoutines::call_stub

---------------  P R O C E S S  ---------------

Java Threads: ( => current thread )
  0x0000000018ceb800 JavaThread "TimerQueue" daemon [_thread_blocked, id=3512, stack(0x0000000019eb0000,0x0000000019fb0000)]
  0x0000000002582800 JavaThread "DestroyJavaVM" [_thread_blocked, id=3952, stack(0x0000000002480000,0x0000000002580000)]
=>0x000000001586c000 JavaThread "AWT-EventQueue-0" [_thread_in_vm, id=5468, stack(0x0000000015ee0000,0x0000000015fe0000)]
  0x0000000015869000 JavaThread "AWT-Windows" daemon [_thread_in_native, id=4916, stack(0x0000000015de0000,0x0000000015ee0000)]
  0x0000000015855000 JavaThread "AWT-Shutdown" [_thread_blocked, id=4748, stack(0x0000000015ce0000,0x0000000015de0000)]
  0x0000000015861800 JavaThread "Java2D Disposer" daemon [_thread_blocked, id=4016, stack(0x0000000015be0000,0x0000000015ce0000)]
  0x0000000015521800 JavaThread "Service Thread" daemon [_thread_blocked, id=4072, stack(0x00000000158f0000,0x00000000159f0000)]
  0x0000000013ab9800 JavaThread "C1 CompilerThread2" daemon [_thread_blocked, id=5068, stack(0x00000000153f0000,0x00000000154f0000)]
  0x0000000013ab4000 JavaThread "C2 CompilerThread1" daemon [_thread_blocked, id=4152, stack(0x00000000152f0000,0x00000000153f0000)]
  0x0000000013aa7800 JavaThread "C2 CompilerThread0" daemon [_thread_blocked, id=4148, stack(0x00000000151f0000,0x00000000152f0000)]
  0x0000000013aa6800 JavaThread "Attach Listener" daemon [_thread_blocked, id=4056, stack(0x00000000150f0000,0x00000000151f0000)]
  0x0000000013aa5800 JavaThread "Signal Dispatcher" daemon [_thread_blocked, id=4020, stack(0x0000000014ff0000,0x00000000150f0000)]
  0x000000000267c000 JavaThread "Finalizer" daemon [_thread_blocked, id=4696, stack(0x0000000014cf0000,0x0000000014df0000)]
  0x0000000002671000 JavaThread "Reference Handler" daemon [_thread_blocked, id=5072, stack(0x0000000014bf0000,0x0000000014cf0000)]

Other Threads:
  0x0000000013a66800 VMThread [stack: 0x0000000014af0000,0x0000000014bf0000] [id=3968]
  0x0000000015541000 WatcherThread [stack: 0x00000000159f0000,0x0000000015af0000] [id=6132]

VM state:not at safepoint (normal execution)

VM Mutex/Monitor currently owned by a thread: None

Heap:
 PSYoungGen      total 60928K, used 3758K [0x00000000f5580000, 0x00000000fc600000, 0x0000000100000000)
  eden space 58880K, 6% used [0x00000000f5580000,0x00000000f592b810,0x00000000f8f00000)
  from space 2048K, 0% used [0x00000000f9280000,0x00000000f9280000,0x00000000f9480000)
  to   space 28160K, 0% used [0x00000000faa80000,0x00000000faa80000,0x00000000fc600000)
 ParOldGen       total 105984K, used 53279K [0x00000000e0000000, 0x00000000e6780000, 0x00000000f5580000)
  object space 105984K, 50% used [0x00000000e0000000,0x00000000e3407c68,0x00000000e6780000)
 Metaspace       used 14805K, capacity 15022K, committed 15232K, reserved 1062912K
  class space    used 1756K, capacity 1843K, committed 1920K, reserved 1048576K

Card table byte_map: [0x0000000011a40000,0x0000000011b50000] byte_map_base: 0x0000000011340000

Marking Bits: (ParMarkBitMap*) 0x0000000065ebb6d0
 Begin Bits: [0x0000000012000000, 0x0000000012800000)
 End Bits:   [0x0000000012800000, 0x0000000013000000)

Polling page: 0x0000000000c60000

CodeCache: size=245760Kb used=4493Kb max_used=4504Kb free=241266Kb
 bounds [0x0000000002680000, 0x0000000002af0000, 0x0000000011680000]
 total_blobs=1830 nmethods=1309 adapters=434
 compilation: enabled

Compilation events (10 events):
Event: 6.863 Thread 0x0000000013ab9800 1310       3       java.util.StringTokenizer::skipDelimiters (116 bytes)
Event: 6.864 Thread 0x0000000013ab9800 nmethod 1310 0x0000000002ae3fd0 code [0x0000000002ae41e0, 0x0000000002ae4d98]
Event: 6.864 Thread 0x0000000013ab9800 1311       3       sun.security.jca.ProviderList::getProvider (22 bytes)
Event: 6.864 Thread 0x0000000013ab9800 nmethod 1311 0x0000000002ae5250 code [0x0000000002ae53c0, 0x0000000002ae5648]
Event: 6.864 Thread 0x0000000013ab9800 1312       1       java.util.logging.Level::intValue (5 bytes)
Event: 6.864 Thread 0x0000000013ab9800 nmethod 1312 0x0000000002ae5790 code [0x0000000002ae58e0, 0x0000000002ae59f0]
Event: 6.866 Thread 0x0000000013ab9800 1313       3       java.util.ArrayList::toArray (12 bytes)
Event: 6.866 Thread 0x0000000013ab9800 nmethod 1313 0x0000000002ae5a50 code [0x0000000002ae5bc0, 0x0000000002ae5e68]
Event: 6.866 Thread 0x0000000013aa7800 1314       4       java.lang.StringBuilder::<init> (7 bytes)
Event: 6.867 Thread 0x0000000013aa7800 nmethod 1314 0x0000000002ae8ed0 code [0x0000000002ae9020, 0x0000000002ae9118]

GC Heap History (10 events):
Event: 1.375 GC heap before
{Heap before GC invocations=6 (full 0):
 PSYoungGen      total 35328K, used 33952K [0x00000000f5580000, 0x00000000f9880000, 0x0000000100000000)
  eden space 32768K, 100% used [0x00000000f5580000,0x00000000f7580000,0x00000000f7580000)
  from space 2560K, 46% used [0x00000000f7580000,0x00000000f76a8020,0x00000000f7800000)
  to   space 1536K, 0% used [0x00000000f9700000,0x00000000f9700000,0x00000000f9880000)
 ParOldGen       total 44032K, used 26789K [0x00000000e0000000, 0x00000000e2b00000, 0x00000000f5580000)
  object space 44032K, 60% used [0x00000000e0000000,0x00000000e1a295c0,0x00000000e2b00000)
 Metaspace       used 7434K, capacity 7652K, committed 7936K, reserved 1056768K
  class space    used 870K, capacity 930K, committed 1024K, reserved 1048576K
Event: 1.377 GC heap after
Heap after GC invocations=6 (full 0):
 PSYoungGen      total 67072K, used 1152K [0x00000000f5580000, 0x00000000f9880000, 0x0000000100000000)
  eden space 65536K, 0% used [0x00000000f5580000,0x00000000f5580000,0x00000000f9580000)
  from space 1536K, 75% used [0x00000000f9700000,0x00000000f9820020,0x00000000f9880000)
  to   space 1536K, 0% used [0x00000000f9580000,0x00000000f9580000,0x00000000f9700000)
 ParOldGen       total 44032K, used 26789K [0x00000000e0000000, 0x00000000e2b00000, 0x00000000f5580000)
  object space 44032K, 60% used [0x00000000e0000000,0x00000000e1a295c0,0x00000000e2b00000)
 Metaspace       used 7434K, capacity 7652K, committed 7936K, reserved 1056768K
  class space    used 870K, capacity 930K, committed 1024K, reserved 1048576K
}
Event: 1.898 GC heap before
{Heap before GC invocations=7 (full 0):
 PSYoungGen      total 67072K, used 66688K [0x00000000f5580000, 0x00000000f9880000, 0x0000000100000000)
  eden space 65536K, 100% used [0x00000000f5580000,0x00000000f9580000,0x00000000f9580000)
  from space 1536K, 75% used [0x00000000f9700000,0x00000000f9820020,0x00000000f9880000)
  to   space 1536K, 0% used [0x00000000f9580000,0x00000000f9580000,0x00000000f9700000)
 ParOldGen       total 44032K, used 26789K [0x00000000e0000000, 0x00000000e2b00000, 0x00000000f5580000)
  object space 44032K, 60% used [0x00000000e0000000,0x00000000e1a295c0,0x00000000e2b00000)
 Metaspace       used 7434K, capacity 7652K, committed 7936K, reserved 1056768K
  class space    used 870K, capacity 930K, committed 1024K, reserved 1048576K
Event: 1.900 GC heap after
Heap after GC invocations=7 (full 0):
 PSYoungGen      total 63488K, used 96K [0x00000000f5580000, 0x00000000f9780000, 0x0000000100000000)
  eden space 62976K, 0% used [0x00000000f5580000,0x00000000f5580000,0x00000000f9300000)
  from space 512K, 18% used [0x00000000f9580000,0x00000000f9598000,0x00000000f9600000)
  to   space 1536K, 0% used [0x00000000f9600000,0x00000000f9600000,0x00000000f9780000)
 ParOldGen       total 44032K, used 27880K [0x00000000e0000000, 0x00000000e2b00000, 0x00000000f5580000)
  object space 44032K, 63% used [0x00000000e0000000,0x00000000e1b3a060,0x00000000e2b00000)
 Metaspace       used 7434K, capacity 7652K, committed 7936K, reserved 1056768K
  class space    used 870K, capacity 930K, committed 1024K, reserved 1048576K
}
Event: 2.409 GC heap before
{Heap before GC invocations=8 (full 0):
 PSYoungGen      total 63488K, used 63072K [0x00000000f5580000, 0x00000000f9780000, 0x0000000100000000)
  eden space 62976K, 100% used [0x00000000f5580000,0x00000000f9300000,0x00000000f9300000)
  from space 512K, 18% used [0x00000000f9580000,0x00000000f9598000,0x00000000f9600000)
  to   space 1536K, 0% used [0x00000000f9600000,0x00000000f9600000,0x00000000f9780000)
 ParOldGen       total 44032K, used 27880K [0x00000000e0000000, 0x00000000e2b00000, 0x00000000f5580000)
  object space 44032K, 63% used [0x00000000e0000000,0x00000000e1b3a060,0x00000000e2b00000)
 Metaspace       used 7434K, capacity 7652K, committed 7936K, reserved 1056768K
  class space    used 870K, capacity 930K, committed 1024K, reserved 1048576K
Event: 2.409 GC heap after
Heap after GC invocations=8 (full 0):
 PSYoungGen      total 61440K, used 64K [0x00000000f5580000, 0x00000000f9680000, 0x0000000100000000)
  eden space 60928K, 0% used [0x00000000f5580000,0x00000000f5580000,0x00000000f9100000)
  from space 512K, 12% used [0x00000000f9600000,0x00000000f9610000,0x00000000f9680000)
  to   space 2048K, 0% used [0x00000000f9280000,0x00000000f9280000,0x00000000f9480000)
 ParOldGen       total 44032K, used 27896K [0x00000000e0000000, 0x00000000e2b00000, 0x00000000f5580000)
  object space 44032K, 63% used [0x00000000e0000000,0x00000000e1b3e060,0x00000000e2b00000)
 Metaspace       used 7434K, capacity 7652K, committed 7936K, reserved 1056768K
  class space    used 870K, capacity 930K, committed 1024K, reserved 1048576K
}
Event: 6.733 GC heap before
{Heap before GC invocations=9 (full 0):
 PSYoungGen      total 61440K, used 60992K [0x00000000f5580000, 0x00000000f9680000, 0x0000000100000000)
  eden space 60928K, 100% used [0x00000000f5580000,0x00000000f9100000,0x00000000f9100000)
  from space 512K, 12% used [0x00000000f9600000,0x00000000f9610000,0x00000000f9680000)
  to   space 2048K, 0% used [0x00000000f9280000,0x00000000f9280000,0x00000000f9480000)
 ParOldGen       total 44032K, used 27896K [0x00000000e0000000, 0x00000000e2b00000, 0x00000000f5580000)
  object space 44032K, 63% used [0x00000000e0000000,0x00000000e1b3e060,0x00000000e2b00000)
 Metaspace       used 14488K, capacity 14760K, committed 14976K, reserved 1062912K
  class space    used 1723K, capacity 1842K, committed 1920K, reserved 1048576K
Event: 6.761 GC heap after
Heap after GC invocations=9 (full 0):
 PSYoungGen      total 60928K, used 2048K [0x00000000f5580000, 0x00000000fc600000, 0x0000000100000000)
  eden space 58880K, 0% used [0x00000000f5580000,0x00000000f5580000,0x00000000f8f00000)
  from space 2048K, 100% used [0x00000000f9280000,0x00000000f9480000,0x00000000f9480000)
  to   space 28160K, 0% used [0x00000000faa80000,0x00000000faa80000,0x00000000fc600000)
 ParOldGen       total 107008K, used 92637K [0x00000000e0000000, 0x00000000e6880000, 0x00000000f5580000)
  object space 107008K, 86% used [0x00000000e0000000,0x00000000e5a777a0,0x00000000e6880000)
 Metaspace       used 14488K, capacity 14760K, committed 14976K, reserved 1062912K
  class space    used 1723K, capacity 1842K, committed 1920K, reserved 1048576K
}
Event: 6.761 GC heap before
{Heap before GC invocations=10 (full 1):
 PSYoungGen      total 60928K, used 2048K [0x00000000f5580000, 0x00000000fc600000, 0x0000000100000000)
  eden space 58880K, 0% used [0x00000000f5580000,0x00000000f5580000,0x00000000f8f00000)
  from space 2048K, 100% used [0x00000000f9280000,0x00000000f9480000,0x00000000f9480000)
  to   space 28160K, 0% used [0x00000000faa80000,0x00000000faa80000,0x00000000fc600000)
 ParOldGen       total 107008K, used 92637K [0x00000000e0000000, 0x00000000e6880000, 0x00000000f5580000)
  object space 107008K, 86% used [0x00000000e0000000,0x00000000e5a777a0,0x00000000e6880000)
 Metaspace       used 14488K, capacity 14760K, committed 14976K, reserved 1062912K
  class space    used 1723K, capacity 1842K, committed 1920K, reserved 1048576K
Event: 6.789 GC heap after
Heap after GC invocations=10 (full 1):
 PSYoungGen      total 60928K, used 0K [0x00000000f5580000, 0x00000000fc600000, 0x0000000100000000)
  eden space 58880K, 0% used [0x00000000f5580000,0x00000000f5580000,0x00000000f8f00000)
  from space 2048K, 0% used [0x00000000f9280000,0x00000000f9280000,0x00000000f9480000)
  to   space 28160K, 0% used [0x00000000faa80000,0x00000000faa80000,0x00000000fc600000)
 ParOldGen       total 105984K, used 53279K [0x00000000e0000000, 0x00000000e6780000, 0x00000000f5580000)
  object space 105984K, 50% used [0x00000000e0000000,0x00000000e3407c68,0x00000000e6780000)
 Metaspace       used 14488K, capacity 14760K, committed 14976K, reserved 1062912K
  class space    used 1723K, capacity 1842K, committed 1920K, reserved 1048576K
}

Deoptimization events (10 events):
Event: 6.324 Thread 0x000000001586c000 Uncommon trap: reason=bimorphic action=maybe_recompile pc=0x0000000002936a60 method=java.util.HashMap.putVal(ILjava/lang/Object;Ljava/lang/Object;ZZ)Ljava/lang/Object; @ 91
Event: 6.324 Thread 0x000000001586c000 Uncommon trap: reason=bimorphic action=maybe_recompile pc=0x0000000002936a60 method=java.util.HashMap.putVal(ILjava/lang/Object;Ljava/lang/Object;ZZ)Ljava/lang/Object; @ 91
Event: 6.325 Thread 0x000000001586c000 Uncommon trap: reason=bimorphic action=maybe_recompile pc=0x0000000002936a60 method=java.util.HashMap.putVal(ILjava/lang/Object;Ljava/lang/Object;ZZ)Ljava/lang/Object; @ 91
Event: 6.483 Thread 0x000000001586c000 Uncommon trap: reason=class_check action=maybe_recompile pc=0x00000000029bf73c method=java.util.HashMap.putVal(ILjava/lang/Object;Ljava/lang/Object;ZZ)Ljava/lang/Object; @ 253
Event: 6.483 Thread 0x000000001586c000 Uncommon trap: reason=class_check action=maybe_recompile pc=0x00000000029bf73c method=java.util.HashMap.putVal(ILjava/lang/Object;Ljava/lang/Object;ZZ)Ljava/lang/Object; @ 253
Event: 6.486 Thread 0x000000001586c000 Uncommon trap: reason=unstable_if action=reinterpret pc=0x00000000028cb1dc method=java.io.WinNTFileSystem.normalize(Ljava/lang/String;)Ljava/lang/String; @ 128
Event: 6.600 Thread 0x000000001586c000 Uncommon trap: reason=bimorphic action=maybe_recompile pc=0x0000000002a14b78 method=java.util.regex.Pattern$BmpCharProperty.match(Ljava/util/regex/Matcher;ILjava/lang/CharSequence;)Z @ 31
Event: 6.600 Thread 0x000000001586c000 Uncommon trap: reason=bimorphic action=maybe_recompile pc=0x0000000002a14b78 method=java.util.regex.Pattern$BmpCharProperty.match(Ljava/util/regex/Matcher;ILjava/lang/CharSequence;)Z @ 31
Event: 6.600 Thread 0x000000001586c000 Uncommon trap: reason=bimorphic action=maybe_recompile pc=0x0000000002a14b78 method=java.util.regex.Pattern$BmpCharProperty.match(Ljava/util/regex/Matcher;ILjava/lang/CharSequence;)Z @ 31
Event: 6.600 Thread 0x000000001586c000 Uncommon trap: reason=bimorphic action=maybe_recompile pc=0x0000000002a14b78 method=java.util.regex.Pattern$BmpCharProperty.match(Ljava/util/regex/Matcher;ILjava/lang/CharSequence;)Z @ 31

Internal exceptions (10 events):
Event: 0.065 Thread 0x0000000002582800 Exception <a 'java/lang/NoSuchMethodError': Method sun.misc.Unsafe.defineClass(Ljava/lang/String;[BII)Ljava/lang/Class; name or signature does not match> (0x00000000f5587ca8) thrown at [C:\re\workspace\8-2-build-windows-amd64-cygwin\jdk8u121\8372\hotspot\
Event: 0.065 Thread 0x0000000002582800 Exception <a 'java/lang/NoSuchMethodError': Method sun.misc.Unsafe.prefetchRead(Ljava/lang/Object;J)V name or signature does not match> (0x00000000f5587f90) thrown at [C:\re\workspace\8-2-build-windows-amd64-cygwin\jdk8u121\8372\hotspot\src\share\vm\prims
Event: 0.167 Thread 0x0000000002582800 Exception <a 'java/security/PrivilegedActionException'> (0x00000000f5618f48) thrown at [C:\re\workspace\8-2-build-windows-amd64-cygwin\jdk8u121\8372\hotspot\src\share\vm\prims\jvm.cpp, line 1390]
Event: 0.167 Thread 0x0000000002582800 Exception <a 'java/security/PrivilegedActionException'> (0x00000000f5619158) thrown at [C:\re\workspace\8-2-build-windows-amd64-cygwin\jdk8u121\8372\hotspot\src\share\vm\prims\jvm.cpp, line 1390]
Event: 0.168 Thread 0x0000000002582800 Exception <a 'java/security/PrivilegedActionException'> (0x00000000f561d068) thrown at [C:\re\workspace\8-2-build-windows-amd64-cygwin\jdk8u121\8372\hotspot\src\share\vm\prims\jvm.cpp, line 1390]
Event: 0.168 Thread 0x0000000002582800 Exception <a 'java/security/PrivilegedActionException'> (0x00000000f561d278) thrown at [C:\re\workspace\8-2-build-windows-amd64-cygwin\jdk8u121\8372\hotspot\src\share\vm\prims\jvm.cpp, line 1390]
Event: 0.178 Thread 0x0000000002582800 Exception <a 'java/io/FileNotFoundException'> (0x00000000f56780d8) thrown at [C:\re\workspace\8-2-build-windows-amd64-cygwin\jdk8u121\8372\hotspot\src\share\vm\prims\jni.cpp, line 709]
Event: 0.216 Thread 0x0000000002582800 Exception <a 'java/lang/NoSuchFieldError': method resolution failed> (0x00000000f57456b0) thrown at [C:\re\workspace\8-2-build-windows-amd64-cygwin\jdk8u121\8372\hotspot\src\share\vm\prims\methodHandles.cpp, line 1146]
Event: 0.217 Thread 0x0000000002582800 Exception <a 'java/lang/NoSuchFieldError': method resolution failed> (0x00000000f5752a80) thrown at [C:\re\workspace\8-2-build-windows-amd64-cygwin\jdk8u121\8372\hotspot\src\share\vm\prims\methodHandles.cpp, line 1146]
Event: 0.299 Thread 0x000000001586c000 Exception <a 'java/io/FileNotFoundException'> (0x00000000f58d2528) thrown at [C:\re\workspace\8-2-build-windows-amd64-cygwin\jdk8u121\8372\hotspot\src\share\vm\prims\jni.cpp, line 709]

Events (10 events):
Event: 6.861 loading class javax/crypto/MacSpi
Event: 6.861 loading class javax/crypto/MacSpi done
Event: 6.864 loading class sun/security/ssl/CipherBox$1
Event: 6.864 loading class sun/security/ssl/CipherBox$1 done
Event: 6.864 loading class java/lang/StrictMath
Event: 6.864 loading class java/lang/StrictMath done
Event: 6.865 loading class com/microsoft/sqlserver/jdbc/AuthenticationJNI
Event: 6.865 loading class com/microsoft/sqlserver/jdbc/AuthenticationJNI done
Event: 6.866 loading class java/lang/ClassLoaderHelper
Event: 6.866 loading class java/lang/ClassLoaderHelper done


Dynamic libraries:
0x00007ff660830000 - 0x00007ff660867000 	C:\Program Files\Java\jdk1.8.0_121\bin\java.exe
0x00007ff9b2c60000 - 0x00007ff9b2e0d000 	C:\windows\SYSTEM32\ntdll.dll
0x00007ff9b14c0000 - 0x00007ff9b15fe000 	C:\windows\system32\KERNEL32.DLL
0x00007ff9b01c0000 - 0x00007ff9b02d5000 	C:\windows\system32\KERNELBASE.dll
0x00007ff9ae120000 - 0x00007ff9ae1ae000 	C:\windows\system32\apphelp.dll
0x00007ff9ab1d0000 - 0x00007ff9ab223000 	C:\windows\AppPatch\AppPatch64\AcGenral.DLL
0x00007ff9b0e10000 - 0x00007ff9b0eba000 	C:\windows\system32\msvcrt.dll
0x00007ff9b0090000 - 0x00007ff9b00be000 	C:\windows\system32\SspiCli.dll
0x00007ff9b1600000 - 0x00007ff9b1654000 	C:\windows\system32\SHLWAPI.dll
0x00007ff9b0af0000 - 0x00007ff9b0c67000 	C:\windows\system32\USER32.dll
0x00007ff9b08b0000 - 0x00007ff9b0a44000 	C:\windows\system32\ole32.dll
0x00007ff9b1730000 - 0x00007ff9b2c58000 	C:\windows\system32\SHELL32.dll
0x00007ff9af400000 - 0x00007ff9af421000 	C:\windows\SYSTEM32\USERENV.dll
0x00007ff9b1410000 - 0x00007ff9b14ba000 	C:\windows\system32\ADVAPI32.dll
0x00007ff997670000 - 0x00007ff99768e000 	C:\windows\SYSTEM32\MPR.dll
0x00007ff9b0cd0000 - 0x00007ff9b0e10000 	C:\windows\system32\RPCRT4.dll
0x00007ff9b1660000 - 0x00007ff9b16b9000 	C:\windows\SYSTEM32\sechost.dll
0x00007ff9b1090000 - 0x00007ff9b12a1000 	C:\windows\SYSTEM32\combase.dll
0x00007ff9b04c0000 - 0x00007ff9b060f000 	C:\windows\system32\GDI32.dll
0x00007ff9afd80000 - 0x00007ff9afd95000 	C:\windows\SYSTEM32\profapi.dll
0x00007ff9ad690000 - 0x00007ff9ad742000 	C:\windows\SYSTEM32\SHCORE.dll
0x00007ff9b0620000 - 0x00007ff9b0656000 	C:\windows\system32\IMM32.DLL
0x00007ff9b12b0000 - 0x00007ff9b1402000 	C:\windows\system32\MSCTF.dll
0x00007ff9ac310000 - 0x00007ff9ac58a000 	C:\windows\WinSxS\amd64_microsoft.windows.common-controls_6595b64144ccf1df_6.0.9600.17810_none_6240b9c7ecbd0bda\COMCTL32.dll
0x0000000066440000 - 0x0000000066512000 	C:\Program Files\Java\jdk1.8.0_121\jre\bin\msvcr100.dll
0x00000000656a0000 - 0x0000000065f3b000 	C:\Program Files\Java\jdk1.8.0_121\jre\bin\server\jvm.dll
0x00007ff987210000 - 0x00007ff987219000 	C:\windows\SYSTEM32\WSOCK32.dll
0x00007ff9ad490000 - 0x00007ff9ad4b2000 	C:\windows\SYSTEM32\WINMM.dll
0x00007ff9ad000000 - 0x00007ff9ad00a000 	C:\windows\SYSTEM32\VERSION.dll
0x00007ff9b0610000 - 0x00007ff9b0617000 	C:\windows\system32\PSAPI.DLL
0x00007ff9b0c70000 - 0x00007ff9b0cca000 	C:\windows\system32\WS2_32.dll
0x00007ff9ad430000 - 0x00007ff9ad45a000 	C:\windows\SYSTEM32\WINMMBASE.dll
0x00007ff9b0a70000 - 0x00007ff9b0a79000 	C:\windows\system32\NSI.dll
0x00007ff9b00c0000 - 0x00007ff9b010f000 	C:\windows\SYSTEM32\cfgmgr32.dll
0x00007ff9aeba0000 - 0x00007ff9aebc8000 	C:\windows\SYSTEM32\DEVOBJ.dll
0x00000000663f0000 - 0x00000000663ff000 	C:\Program Files\Java\jdk1.8.0_121\jre\bin\verify.dll
0x0000000065670000 - 0x0000000065699000 	C:\Program Files\Java\jdk1.8.0_121\jre\bin\java.dll
0x0000000065650000 - 0x0000000065666000 	C:\Program Files\Java\jdk1.8.0_121\jre\bin\zip.dll
0x0000000065470000 - 0x0000000065608000 	C:\Program Files\Java\jdk1.8.0_121\jre\bin\awt.dll
0x00007ff9b0660000 - 0x00007ff9b0726000 	C:\windows\system32\OLEAUT32.dll
0x00007ff9aea20000 - 0x00007ff9aeb49000 	C:\windows\system32\uxtheme.dll
0x00007ff9a8780000 - 0x00007ff9a882b000 	C:\Program Files\Common Files\microsoft shared\ink\tiptsf.dll
0x00007ff9ad460000 - 0x00007ff9ad481000 	C:\windows\system32\dwmapi.dll
0x00007ff9aebf0000 - 0x00007ff9aebfb000 	C:\windows\SYSTEM32\kernel.appcore.dll
0x00007ff9afc50000 - 0x00007ff9afc5b000 	C:\windows\SYSTEM32\CRYPTBASE.dll
0x00007ff9afbe0000 - 0x00007ff9afc43000 	C:\windows\SYSTEM32\bcryptPrimitives.dll
0x0000000180000000 - 0x0000000180180000 	C:\Program Files (x86)\ABBYY Lingvo x6\LvHook64.dll
0x00007ff9871f0000 - 0x00007ff987207000 	C:\Program Files (x86)\ABBYY Lingvo x6\Detoured64.dll
0x00007ff9a7990000 - 0x00007ff9a7997000 	C:\windows\SYSTEM32\MSIMG32.dll
0x00007ff98abd0000 - 0x00007ff98acfb000 	C:\windows\system32\opengl32.dll
0x00007ff98aba0000 - 0x00007ff98abce000 	C:\windows\SYSTEM32\GLU32.dll
0x00007ff98aaa0000 - 0x00007ff98ab98000 	C:\windows\SYSTEM32\DDRAW.dll
0x00007ff98aa90000 - 0x00007ff98aa99000 	C:\windows\SYSTEM32\DCIMAN32.dll
0x0000000065360000 - 0x0000000065391000 	C:\Program Files\Java\jdk1.8.0_121\jre\bin\jpeg.dll
0x0000000065420000 - 0x0000000065467000 	C:\Program Files\Java\jdk1.8.0_121\jre\bin\fontmanager.dll
0x00007ff9aad30000 - 0x00007ff9aad9a000 	C:\windows\SYSTEM32\oleacc.dll
0x0000000065630000 - 0x000000006564a000 	C:\Program Files\Java\jdk1.8.0_121\jre\bin\net.dll
0x00007ff9af580000 - 0x00007ff9af5d9000 	C:\windows\system32\mswsock.dll
0x0000000065610000 - 0x0000000065621000 	C:\Program Files\Java\jdk1.8.0_121\jre\bin\nio.dll
0x00007ff9b07f0000 - 0x00007ff9b08a6000 	C:\windows\SYSTEM32\clbcatq.dll
0x00000000653d0000 - 0x0000000065412000 	C:\Program Files\Java\jdk1.8.0_121\jre\bin\t2k.dll
0x00007ff9ae840000 - 0x00007ff9ae9ee000 	C:\windows\SYSTEM32\WindowsCodecs.dll
0x00007ff9af780000 - 0x00007ff9af7a0000 	C:\windows\SYSTEM32\CRYPTSP.dll
0x00007ff9af220000 - 0x00007ff9af256000 	C:\windows\system32\rsaenh.dll
0x00007ff9af8d0000 - 0x00007ff9af8f6000 	C:\windows\SYSTEM32\bcrypt.dll
0x00007ff9af330000 - 0x00007ff9af3d4000 	C:\windows\SYSTEM32\DNSAPI.dll
0x00007ff9a78d0000 - 0x00007ff9a78da000 	C:\Windows\System32\rasadhlp.dll
0x00007ff9ab2f0000 - 0x00007ff9ab35b000 	C:\windows\System32\fwpuclnt.dll
0x0000000065330000 - 0x0000000065354000 	C:\Program Files\Java\jdk1.8.0_121\jre\bin\sunec.dll
0x00007ff9acce0000 - 0x00007ff9acd0a000 	C:\windows\SYSTEM32\IPHLPAPI.DLL
0x00007ff9ac880000 - 0x00007ff9ac88a000 	C:\windows\SYSTEM32\WINNSI.DLL
0x00007ff9ab3e0000 - 0x00007ff9ab3f6000 	C:\windows\SYSTEM32\dhcpcsvc6.DLL
0x00007ff9ac600000 - 0x00007ff9ac61a000 	C:\windows\SYSTEM32\dhcpcsvc.DLL
0x0000000065320000 - 0x000000006532b000 	C:\Program Files\Java\jdk1.8.0_121\jre\bin\sunmscapi.dll
0x00007ff9afe50000 - 0x00007ff9b002f000 	C:\windows\system32\CRYPT32.dll
0x00007ff9afe30000 - 0x00007ff9afe41000 	C:\windows\system32\MSASN1.dll
0x0000000065300000 - 0x0000000065317000 	C:\Windows\System32\sqljdbc_auth.dll
0x00007ff9ab270000 - 0x00007ff9ab27c000 	C:\windows\system32\secur32.dll
0x00007ff9af5e0000 - 0x00007ff9af6d8000 	C:\windows\system32\kerberos.DLL
0x00007ff9af7e0000 - 0x00007ff9af7fa000 	C:\windows\SYSTEM32\cryptdll.dll
0x00007ff9af510000 - 0x00007ff9af57e000 	C:\windows\system32\msv1_0.DLL
0x00007ff9ae3a0000 - 0x00007ff9ae3c9000 	C:\windows\system32\ntdsapi.dll
0x00007ff99aba0000 - 0x00007ff99abb5000 	C:\windows\system32\napinsp.dll
0x00007ff99ac20000 - 0x00007ff99ac3a000 	C:\windows\system32\pnrpnsp.dll
0x00007ff9ae400000 - 0x00007ff9ae41b000 	C:\windows\system32\NLAapi.dll
0x00007ff99ac40000 - 0x00007ff99ac4d000 	C:\windows\System32\winrnr.dll
0x00007ff99ac50000 - 0x00007ff99ac64000 	C:\windows\system32\wshbth.dll
0x00007ff9935f0000 - 0x00007ff99377a000 	C:\windows\SYSTEM32\dbghelp.dll

VM Arguments:
jvm_args: -Dfile.encoding=UTF-8 -Xmx512m 
java_command: cascadeapp.CascadeApp
java_class_path (initial): E:\GD\GitHub\Cascade\sqljdbc_2.0;E:\GD\GitHub\Cascade\sqljdbc_2.0\enu\sqljdbc4.jar;E:\GD\GitHub\Cascade\CascadeApp\build\classes
Launcher Type: SUN_STANDARD

Environment Variables:
PATH=C:\ProgramData\Oracle\Java\javapath;C:\Program Files (x86)\Common Files\Intel\Shared Files\cpp\bin\Intel64;C:\Program Files (x86)\Intel\iCLS Client\;C:\Program Files\Intel\iCLS Client\;C:\windows\system32;C:\windows;C:\windows\System32\Wbem;C:\windows\System32\WindowsPowerShell\v1.0\;C:\Program Files\Intel\Intel(R) Management Engine Components\DAL;C:\Program Files\Intel\Intel(R) Management Engine Components\IPT;C:\Program Files (x86)\Intel\Intel(R) Management Engine Components\DAL;C:\Program Files (x86)\Intel\Intel(R) Management Engine Components\IPT;C:\Program Files\Microsoft SQL Server\Client SDK\ODBC\110\Tools\Binn\;C:\Program Files (x86)\Microsoft SQL Server\120\Tools\Binn\;C:\Program Files\Microsoft SQL Server\120\Tools\Binn\;C:\Program Files\Microsoft SQL Server\120\DTS\Binn\;C:\Program Files (x86)\Microsoft SQL Server\120\Tools\Binn\ManagementStudio\;C:\Program Files (x86)\Microsoft SQL Server\120\DTS\Binn\;C:\Program Files (x86)\Skype\Phone\;C:\Program Files\Common Files\Autodesk Shared\;C:\Program Files (x86)\Autodesk\Backburner\;C:\Program Files (x86)\Microsoft SQL Server\Client SDK\ODBC\130\Tools\Binn\;C:\Program Files (x86)\Microsoft SQL Server\130\Tools\Binn\;C:\Program Files (x86)\Microsoft SQL Server\130\DTS\Binn\;C:\Program Files (x86)\Microsoft SQL Server\130\Tools\Binn\ManagementStudio\
USERNAME=Светлана
OS=Windows_NT
PROCESSOR_IDENTIFIER=Intel64 Family 6 Model 69 Stepping 1, GenuineIntel



---------------  S Y S T E M  ---------------

OS: Windows 8.1 , 64 bit Build 9600 (6.3.9600.17415)

CPU:total 4 (2 cores per cpu, 2 threads per core) family 6 model 69 stepping 1, cmov, cx8, fxsr, mmx, sse, sse2, sse3, ssse3, sse4.1, sse4.2, popcnt, avx, avx2, aes, clmul, erms, lzcnt, ht, tsc, tscinvbit, bmi1, bmi2

Memory: 4k page, physical 4104472k(1474628k free), swap 9347352k(6238552k free)

vm_info: Java HotSpot(TM) 64-Bit Server VM (25.121-b13) for windows-amd64 JRE (1.8.0_121-b13), built on Dec 12 2016 18:21:36 by "java_re" with MS VC++ 10.0 (VS2010)

time: Sat Feb 25 15:05:02 2017
elapsed time: 6 seconds (0d 0h 0m 6s)

